2025-04-25 20:25:29,712 - discord.client - WARNING - PyNaCl is not installed, voice will NOT be supported
2025-04-25 20:25:29,826 - bot.db - INFO - Database setup completed
2025-04-25 20:25:29,827 - discord.client - INFO - logging in using static token
2025-04-25 20:25:42,077 - discord.client - WARNING - PyNaCl is not installed, voice will NOT be supported
2025-04-25 20:25:42,079 - bot.db - INFO - Database setup completed
2025-04-25 20:25:42,079 - discord.client - INFO - logging in using static token
2025-04-25 20:26:11,335 - discord.client - WARNING - PyNaCl is not installed, voice will NOT be supported
2025-04-25 20:26:11,337 - bot.db - INFO - Database setup completed
2025-04-25 20:26:11,338 - discord.client - INFO - logging in using static token
2025-04-25 20:26:12,206 - discord.gateway - INFO - Shard ID None has connected to Gateway (Session ID: f50fa23480810944edf61b19cc2a35ba).
2025-04-25 20:26:14,212 - bot - INFO - Logged in as Wl Bot - 939928854607302686
2025-04-25 20:26:14,229 - bot - INFO - Loaded cog: cogs.allowlist
2025-04-25 20:26:14,238 - bot - INFO - Loaded cog: cogs.moderation
2025-04-25 20:26:14,246 - bot - INFO - Loaded cog: cogs.announcements
2025-04-25 20:26:14,256 - bot - INFO - Loaded cog: cogs.suggestions
2025-04-25 20:26:14,258 - bot - INFO - Bot is ready! Serving 2 servers.
2025-04-25 20:26:29,724 - discord.client - WARNING - PyNaCl is not installed, voice will NOT be supported
2025-04-25 20:26:29,728 - bot.db - INFO - Database setup completed
2025-04-25 20:26:29,729 - discord.client - INFO - logging in using static token
2025-04-25 20:26:30,399 - discord.gateway - INFO - Shard ID None has connected to Gateway (Session ID: 1d7e5bf2ba532cce9c83fa49e630cd5a).
2025-04-25 20:26:32,429 - bot - INFO - Logged in as Wl Bot - 939928854607302686
2025-04-25 20:26:32,432 - bot - INFO - Loaded cog: cogs.allowlist
2025-04-25 20:26:32,435 - bot - INFO - Loaded cog: cogs.moderation
2025-04-25 20:26:32,436 - bot - INFO - Loaded cog: cogs.announcements
2025-04-25 20:26:32,437 - bot - INFO - Loaded cog: cogs.suggestions
2025-04-25 20:26:32,438 - bot - INFO - Bot is ready! Serving 2 servers.
2025-04-25 20:27:26,557 - discord.client - WARNING - PyNaCl is not installed, voice will NOT be supported
2025-04-25 20:27:26,560 - bot.db - INFO - Database setup completed
2025-04-25 20:27:26,567 - discord.client - INFO - logging in using static token
2025-04-25 20:27:27,284 - discord.gateway - INFO - Shard ID None has connected to Gateway (Session ID: 0eebdea2d5ce9983e874815fbd65b82a).
2025-04-25 20:27:29,295 - bot - INFO - Logged in as Wl Bot - 939928854607302686
2025-04-25 20:27:29,298 - bot - INFO - Loaded cog: cogs.allowlist
2025-04-25 20:27:29,300 - bot - INFO - Loaded cog: cogs.moderation
2025-04-25 20:27:29,301 - bot - INFO - Loaded cog: cogs.announcements
2025-04-25 20:27:29,302 - bot - INFO - Loaded cog: cogs.suggestions
2025-04-25 20:27:29,302 - bot - INFO - Bot is ready! Serving 2 servers.
2025-04-25 20:27:57,764 - discord.client - WARNING - PyNaCl is not installed, voice will NOT be supported
2025-04-25 20:27:57,765 - bot.db - INFO - Database setup completed
2025-04-25 20:27:57,766 - discord.client - INFO - logging in using static token
2025-04-25 20:27:58,316 - discord.gateway - INFO - Shard ID None has connected to Gateway (Session ID: 49c5828410f55cdb7086730839e3d0fe).
2025-04-25 20:28:00,334 - bot - INFO - Logged in as Wl Bot - 939928854607302686
2025-04-25 20:28:00,337 - bot - INFO - Loaded cog: cogs.allowlist
2025-04-25 20:28:00,340 - bot - INFO - Loaded cog: cogs.moderation
2025-04-25 20:28:00,341 - bot - INFO - Loaded cog: cogs.announcements
2025-04-25 20:28:00,343 - bot - INFO - Loaded cog: cogs.suggestions
2025-04-25 20:28:00,343 - bot - INFO - Bot is ready! Serving 2 servers.
2025-04-26 01:30:13,150 - discord.client - WARNING - PyNaCl is not installed, voice will NOT be supported
2025-04-26 01:30:13,154 - bot.db - INFO - Database setup completed
2025-04-26 01:30:13,154 - discord.client - INFO - logging in using static token
2025-04-26 01:30:13,804 - discord.gateway - INFO - Shard ID None has connected to Gateway (Session ID: b6f849668834a0559c95b4d0d576a787).
2025-04-26 01:30:15,827 - bot - INFO - Logged in as Wl Bot - 939928854607302686
2025-04-26 01:30:15,832 - bot - INFO - Loaded cog: cogs.allowlist
2025-04-26 01:30:15,837 - bot - INFO - Loaded cog: cogs.moderation
2025-04-26 01:30:15,839 - bot - INFO - Loaded cog: cogs.announcements
2025-04-26 01:30:15,841 - bot - INFO - Loaded cog: cogs.suggestions
2025-04-26 01:30:15,842 - bot - INFO - Bot is ready! Serving 2 servers.
2025-04-26 01:31:19,995 - discord.client - WARNING - PyNaCl is not installed, voice will NOT be supported
2025-04-26 01:31:19,997 - bot.db - INFO - Database setup completed
2025-04-26 01:31:19,997 - discord.client - INFO - logging in using static token
2025-04-26 01:31:20,543 - discord.gateway - INFO - Shard ID None has connected to Gateway (Session ID: e29d6f3dcfd1ceedec8827f4fdb396a8).
2025-04-26 01:31:22,563 - bot - INFO - Logged in as Wl Bot - 939928854607302686
2025-04-26 01:31:22,574 - bot - INFO - Loaded cog: cogs.allowlist
2025-04-26 01:31:22,578 - bot - INFO - Loaded cog: cogs.moderation
2025-04-26 01:31:22,581 - bot - INFO - Loaded cog: cogs.announcements
2025-04-26 01:31:22,593 - bot - INFO - Loaded cog: cogs.suggestions
2025-04-26 01:31:22,594 - bot - INFO - Bot is ready! Serving 2 servers.
2025-04-26 01:37:05,656 - discord.client - WARNING - PyNaCl is not installed, voice will NOT be supported
2025-04-26 01:37:05,660 - bot.db - INFO - Database setup completed
2025-04-26 01:37:05,661 - discord.client - INFO - logging in using static token
2025-04-26 01:37:06,260 - discord.gateway - INFO - Shard ID None has connected to Gateway (Session ID: a70d44c33d4d9fb5259cbb73cf6ee947).
2025-04-26 01:37:08,302 - bot - INFO - Logged in as Wl Bot - 939928854607302686
2025-04-26 01:37:08,305 - bot - INFO - Loaded cog: cogs.allowlist
2025-04-26 01:37:08,307 - bot - INFO - Loaded cog: cogs.moderation
2025-04-26 01:37:08,308 - bot - INFO - Loaded cog: cogs.announcements
2025-04-26 01:37:08,310 - bot - INFO - Loaded cog: cogs.suggestions
2025-04-26 01:37:08,310 - bot - INFO - Bot is ready! Serving 2 servers.
2025-04-26 01:38:25,230 - discord.client - WARNING - PyNaCl is not installed, voice will NOT be supported
2025-04-26 01:38:25,235 - bot.db - INFO - Database setup completed
2025-04-26 01:38:25,236 - discord.client - INFO - logging in using static token
2025-04-26 01:38:25,889 - discord.gateway - INFO - Shard ID None has connected to Gateway (Session ID: 752918a0e662fe951c5e170bb96dd0ec).
2025-04-26 01:38:27,900 - bot - INFO - Logged in as Wl Bot - 939928854607302686
2025-04-26 01:38:27,906 - bot - INFO - Loaded cog: cogs.allowlist
2025-04-26 01:38:27,924 - bot - INFO - Loaded cog: cogs.moderation
2025-04-26 01:38:27,926 - bot - INFO - Loaded cog: cogs.announcements
2025-04-26 01:38:27,928 - bot - INFO - Loaded cog: cogs.suggestions
2025-04-26 01:38:27,928 - bot - INFO - Bot is ready! Serving 2 servers.
2025-04-26 01:38:50,273 - discord.client - WARNING - PyNaCl is not installed, voice will NOT be supported
2025-04-26 01:38:50,275 - bot.db - INFO - Database setup completed
2025-04-26 01:38:50,276 - discord.client - INFO - logging in using static token
2025-04-26 01:38:50,871 - discord.gateway - INFO - Shard ID None has connected to Gateway (Session ID: e81ebd3dac273b9ce7de08c1cb9155db).
2025-04-26 01:38:52,887 - bot - INFO - Logged in as Wl Bot - 939928854607302686
2025-04-26 01:38:52,892 - bot - INFO - Loaded cog: cogs.allowlist
2025-04-26 01:38:52,894 - bot - INFO - Loaded cog: cogs.moderation
2025-04-26 01:38:52,895 - bot - INFO - Loaded cog: cogs.announcements
2025-04-26 01:38:52,898 - bot - INFO - Loaded cog: cogs.suggestions
2025-04-26 01:38:52,898 - bot - INFO - Bot is ready! Serving 2 servers.
2025-04-26 01:39:11,233 - discord.client - WARNING - PyNaCl is not installed, voice will NOT be supported
2025-04-26 01:39:11,235 - bot.db - INFO - Database setup completed
2025-04-26 01:39:11,235 - discord.client - INFO - logging in using static token
2025-04-26 01:39:13,281 - discord.gateway - INFO - Shard ID None has connected to Gateway (Session ID: 3d0fe4d5d84c4e30df553a77ddd0c414).
2025-04-26 01:39:15,300 - bot - INFO - Logged in as Wl Bot - 939928854607302686
2025-04-26 01:39:15,303 - bot - INFO - Loaded cog: cogs.allowlist
2025-04-26 01:39:15,305 - bot - INFO - Loaded cog: cogs.moderation
2025-04-26 01:39:15,306 - bot - INFO - Loaded cog: cogs.announcements
2025-04-26 01:39:15,311 - bot - INFO - Loaded cog: cogs.suggestions
2025-04-26 01:39:15,312 - bot - INFO - Bot is ready! Serving 2 servers.
2025-04-26 01:39:25,748 - discord.client - WARNING - PyNaCl is not installed, voice will NOT be supported
2025-04-26 01:39:25,749 - bot.db - INFO - Database setup completed
2025-04-26 01:39:25,750 - discord.client - INFO - logging in using static token
2025-04-26 01:39:26,429 - discord.gateway - INFO - Shard ID None has connected to Gateway (Session ID: 01b30e615a45549590d9f77ac85d3aac).
2025-04-26 01:39:28,449 - bot - INFO - Logged in as Wl Bot - 939928854607302686
2025-04-26 01:39:28,453 - bot - INFO - Loaded cog: cogs.allowlist
2025-04-26 01:39:28,455 - bot - INFO - Loaded cog: cogs.moderation
2025-04-26 01:39:28,456 - bot - INFO - Loaded cog: cogs.announcements
2025-04-26 01:39:28,458 - bot - INFO - Loaded cog: cogs.suggestions
2025-04-26 01:39:28,458 - bot - INFO - Bot is ready! Serving 2 servers.
2025-04-26 01:40:25,828 - discord.client - WARNING - PyNaCl is not installed, voice will NOT be supported
2025-04-26 01:40:25,830 - bot.db - INFO - Database setup completed
2025-04-26 01:40:25,830 - discord.client - INFO - logging in using static token
2025-04-26 01:40:26,384 - discord.gateway - INFO - Shard ID None has connected to Gateway (Session ID: a8c13332793dadf60dffeb1d2eb997f6).
2025-04-26 01:40:28,407 - bot - INFO - Logged in as Wl Bot - 939928854607302686
2025-04-26 01:40:28,410 - bot - INFO - Loaded cog: cogs.allowlist
2025-04-26 01:40:28,413 - bot - INFO - Loaded cog: cogs.moderation
2025-04-26 01:40:28,413 - bot - INFO - Loaded cog: cogs.announcements
2025-04-26 01:40:28,415 - bot - INFO - Loaded cog: cogs.suggestions
2025-04-26 01:40:28,415 - bot - INFO - Bot is ready! Serving 2 servers.
2025-04-26 01:40:44,013 - discord.client - WARNING - PyNaCl is not installed, voice will NOT be supported
2025-04-26 01:40:44,020 - bot.db - INFO - Database setup completed
2025-04-26 01:40:44,022 - discord.client - INFO - logging in using static token
2025-04-26 01:40:44,630 - discord.gateway - INFO - Shard ID None has connected to Gateway (Session ID: e1c67747f4650890c27fa9fee19cd85a).
2025-04-26 01:40:46,651 - bot - INFO - Logged in as Wl Bot - 939928854607302686
2025-04-26 01:40:46,660 - bot - INFO - Loaded cog: cogs.allowlist
2025-04-26 01:40:46,667 - bot - INFO - Loaded cog: cogs.moderation
2025-04-26 01:40:46,672 - bot - INFO - Loaded cog: cogs.announcements
2025-04-26 01:40:46,674 - bot - INFO - Loaded cog: cogs.suggestions
2025-04-26 01:40:46,674 - bot - INFO - Bot is ready! Serving 2 servers.
2025-04-26 01:42:25,084 - discord.client - WARNING - PyNaCl is not installed, voice will NOT be supported
2025-04-26 01:42:25,086 - bot.db - INFO - Database setup completed
2025-04-26 01:42:25,087 - discord.client - INFO - logging in using static token
2025-04-26 01:42:25,850 - discord.gateway - INFO - Shard ID None has connected to Gateway (Session ID: 161137f34ce367b1e1c58ab1dbf673dd).
2025-04-26 01:42:27,872 - bot - INFO - Logged in as Wl Bot - 939928854607302686
2025-04-26 01:42:27,875 - bot - INFO - Loaded cog: cogs.allowlist
2025-04-26 01:42:27,877 - bot - INFO - Loaded cog: cogs.moderation
2025-04-26 01:42:27,879 - bot - INFO - Loaded cog: cogs.announcements
2025-04-26 01:42:27,883 - bot - INFO - Loaded cog: cogs.suggestions
2025-04-26 01:42:27,883 - bot - INFO - Bot is ready! Serving 2 servers.
2025-04-26 01:44:16,085 - discord.client - WARNING - PyNaCl is not installed, voice will NOT be supported
2025-04-26 01:44:16,090 - bot.db - INFO - Database setup completed
2025-04-26 01:44:16,090 - discord.client - INFO - logging in using static token
2025-04-26 01:44:16,661 - discord.gateway - INFO - Shard ID None has connected to Gateway (Session ID: df7718a98a7887f4cbb572886ca6ae52).
2025-04-26 01:44:18,673 - bot - INFO - Logged in as Wl Bot - 939928854607302686
2025-04-26 01:44:18,680 - bot - INFO - Loaded cog: cogs.allowlist
2025-04-26 01:44:18,685 - bot - INFO - Loaded cog: cogs.moderation
2025-04-26 01:44:18,688 - bot - INFO - Loaded cog: cogs.announcements
2025-04-26 01:44:18,692 - bot - INFO - Loaded cog: cogs.suggestions
2025-04-26 01:44:18,692 - bot - INFO - Bot is ready! Serving 2 servers.
2025-04-26 02:00:10,636 - discord.client - WARNING - PyNaCl is not installed, voice will NOT be supported
2025-04-26 02:00:10,638 - bot.db - INFO - Database setup completed
2025-04-26 02:00:10,639 - discord.client - INFO - logging in using static token
2025-04-26 02:00:11,168 - discord.gateway - INFO - Shard ID None has connected to Gateway (Session ID: 457c14709ece6db0140a3a1f2204c3fe).
2025-04-26 02:00:13,190 - bot - INFO - Logged in as Wl Bot - 939928854607302686
2025-04-26 02:00:13,202 - bot - INFO - Loaded cog: cogs.allowlist
2025-04-26 02:00:13,207 - bot - INFO - Loaded cog: cogs.moderation
2025-04-26 02:00:13,208 - bot - INFO - Loaded cog: cogs.announcements
2025-04-26 02:00:13,210 - bot - INFO - Loaded cog: cogs.suggestions
2025-04-26 02:00:13,210 - bot - INFO - Bot is ready! Serving 2 servers.
2025-04-26 02:02:52,062 - discord.client - WARNING - PyNaCl is not installed, voice will NOT be supported
2025-04-26 02:02:52,063 - bot.db - INFO - Database setup completed
2025-04-26 02:02:52,064 - discord.client - INFO - logging in using static token
2025-04-26 02:02:52,783 - discord.gateway - INFO - Shard ID None has connected to Gateway (Session ID: c36e9cb3cc7f88333e2ba20a7654019b).
2025-04-26 02:02:54,790 - bot - INFO - Logged in as Wl Bot - 939928854607302686
2025-04-26 02:02:54,801 - bot - INFO - Loaded cog: cogs.allowlist
2025-04-26 02:02:54,803 - bot - INFO - Loaded cog: cogs.moderation
2025-04-26 02:02:54,803 - bot - INFO - Loaded cog: cogs.announcements
2025-04-26 02:02:54,804 - bot - INFO - Loaded cog: cogs.suggestions
2025-04-26 02:02:54,805 - bot - INFO - Bot is ready! Serving 2 servers.
2025-04-26 02:02:58,225 - discord.client - WARNING - PyNaCl is not installed, voice will NOT be supported
2025-04-26 02:02:58,227 - bot.db - INFO - Database setup completed
2025-04-26 02:02:58,228 - discord.client - INFO - logging in using static token
2025-04-26 02:02:58,894 - discord.gateway - INFO - Shard ID None has connected to Gateway (Session ID: c6abb591a5c7c0b2d04c747133113d85).
2025-04-26 02:03:00,910 - bot - INFO - Logged in as Wl Bot - 939928854607302686
2025-04-26 02:03:00,913 - bot - INFO - Loaded cog: cogs.allowlist
2025-04-26 02:03:00,915 - bot - INFO - Loaded cog: cogs.moderation
2025-04-26 02:03:00,916 - bot - INFO - Loaded cog: cogs.announcements
2025-04-26 02:03:00,918 - bot - INFO - Loaded cog: cogs.suggestions
2025-04-26 02:03:00,918 - bot - INFO - Bot is ready! Serving 2 servers.
2025-04-26 02:26:55,785 - discord.gateway - INFO - Shard ID None has successfully RESUMED session c6abb591a5c7c0b2d04c747133113d85.
2025-04-26 03:06:24,588 - discord.gateway - INFO - Shard ID None has successfully RESUMED session c6abb591a5c7c0b2d04c747133113d85.
2025-04-26 12:50:47,124 - discord.client - WARNING - PyNaCl is not installed, voice will NOT be supported
2025-04-26 12:50:47,129 - bot.db - INFO - Database setup completed
2025-04-26 12:50:47,130 - discord.client - INFO - logging in using static token
2025-04-26 12:50:47,846 - discord.gateway - INFO - Shard ID None has connected to Gateway (Session ID: 8d827979c33142204629def000972ff3).
2025-04-26 12:50:49,853 - bot - INFO - Logged in as Wl Bot - 939928854607302686
2025-04-26 12:50:49,865 - bot - INFO - Loaded cog: cogs.allowlist
2025-04-26 12:50:49,869 - bot - INFO - Loaded cog: cogs.moderation
2025-04-26 12:50:49,876 - bot - INFO - Loaded cog: cogs.announcements
2025-04-26 12:50:49,878 - bot - INFO - Loaded cog: cogs.suggestions
2025-04-26 12:50:49,878 - bot - INFO - Bot is ready! Serving 1 servers.
2025-04-26 13:21:31,862 - discord.client - WARNING - PyNaCl is not installed, voice will NOT be supported
2025-04-26 13:21:31,867 - bot.db - INFO - Database setup completed
2025-04-26 13:21:31,870 - discord.client - INFO - logging in using static token
2025-04-26 13:21:32,006 - discord.client - WARNING - PyNaCl is not installed, voice will NOT be supported
2025-04-26 13:21:32,008 - bot.db - INFO - Database setup completed
2025-04-26 13:21:32,009 - discord.client - INFO - logging in using static token
2025-04-26 13:21:32,573 - discord.gateway - INFO - Shard ID None has connected to Gateway (Session ID: cb7a065dfef6b93a6cbe58fddc7bc79c).
2025-04-26 13:21:32,684 - discord.gateway - INFO - Shard ID None has connected to Gateway (Session ID: 344c131955fdc7aae14dacc5cea6e832).
2025-04-26 13:21:34,585 - bot - INFO - Logged in as Wl Bot - 939928854607302686
2025-04-26 13:21:34,597 - bot - INFO - Loaded cog: cogs.allowlist
2025-04-26 13:21:34,599 - bot - INFO - Loaded cog: cogs.moderation
2025-04-26 13:21:34,601 - bot - INFO - Loaded cog: cogs.announcements
2025-04-26 13:21:34,603 - bot - INFO - Loaded cog: cogs.suggestions
2025-04-26 13:21:34,603 - bot - INFO - Bot is ready! Serving 1 servers.
2025-04-26 13:21:34,694 - bot - INFO - Logged in as Wl Bot - 939928854607302686
2025-04-26 13:21:34,698 - bot - INFO - Loaded cog: cogs.allowlist
2025-04-26 13:21:34,700 - bot - INFO - Loaded cog: cogs.moderation
2025-04-26 13:21:34,701 - bot - INFO - Loaded cog: cogs.announcements
2025-04-26 13:21:34,703 - bot - INFO - Loaded cog: cogs.suggestions
2025-04-26 13:21:34,703 - bot - INFO - Bot is ready! Serving 1 servers.
2025-04-26 13:25:13,536 - discord.client - WARNING - PyNaCl is not installed, voice will NOT be supported
2025-04-26 13:25:13,541 - bot.db - INFO - Database setup completed
2025-04-26 13:25:13,542 - discord.client - INFO - logging in using static token
2025-04-26 13:25:14,177 - discord.gateway - INFO - Shard ID None has connected to Gateway (Session ID: a96ac1fadf9bd9f0ce418051d7bbb581).
2025-04-26 13:25:16,195 - bot - INFO - Logged in as Wl Bot - 939928854607302686
2025-04-26 13:25:16,223 - bot - INFO - Loaded cog: cogs.allowlist
2025-04-26 13:25:16,233 - bot - INFO - Loaded cog: cogs.moderation
2025-04-26 13:25:16,236 - bot - INFO - Loaded cog: cogs.announcements
2025-04-26 13:25:16,238 - bot - INFO - Loaded cog: cogs.suggestions
2025-04-26 13:25:16,238 - bot - INFO - Bot is ready! Serving 1 servers.
2025-04-26 13:26:54,124 - discord.client - WARNING - PyNaCl is not installed, voice will NOT be supported
2025-04-26 13:26:54,127 - bot.db - INFO - Database setup completed
2025-04-26 13:26:54,127 - discord.client - INFO - logging in using static token
2025-04-26 13:26:54,808 - discord.gateway - INFO - Shard ID None has connected to Gateway (Session ID: 52671a9e3c45f77d8092915549ddb18c).
2025-04-26 13:26:56,817 - bot - INFO - Logged in as Wl Bot - 939928854607302686
2025-04-26 13:26:56,835 - bot - INFO - Loaded cog: cogs.allowlist
2025-04-26 13:26:56,837 - bot - INFO - Loaded cog: cogs.moderation
2025-04-26 13:26:56,838 - bot - INFO - Loaded cog: cogs.announcements
2025-04-26 13:26:56,840 - bot - INFO - Loaded cog: cogs.suggestions
2025-04-26 13:26:56,840 - bot - INFO - Bot is ready! Serving 1 servers.
